[    91.784] (--) Log file renamed from "/home/roopam/.local/share/xorg/Xorg.pid-1369.log" to "/home/roopam/.local/share/xorg/Xorg.0.log"
[    91.786] 
X.Org X Server 1.20.8
X Protocol Version 11, Revision 0
[    91.786] Build Operating System: Linux 4.15.0-140-generic x86_64 Ubuntu
[    91.786] Current Operating System: Linux roopam-dev-op 5.4.0-72-generic #80~18.04.1-Ubuntu SMP Mon Apr 12 23:26:25 UTC 2021 x86_64
[    91.786] Kernel command line: BOOT_IMAGE=/boot/vmlinuz-5.4.0-72-generic root=UUID=3e922242-0e41-4cc0-a70d-c9a7b492a9b2 ro quiet splash vt.handoff=1
[    91.786] Build Date: 08 April 2021  01:40:27PM
[    91.786] xorg-server-hwe-18.04 2:1.20.8-2ubuntu2.2~18.04.5 (For technical support please see http://www.ubuntu.com/support) 
[    91.786] Current version of pixman: 0.34.0
[    91.786] 	Before reporting problems, check http://wiki.x.org
	to make sure that you have the latest version.
[    91.786] Markers: (--) probed, (**) from config file, (==) default setting,
	(++) from command line, (!!) notice, (II) informational,
	(WW) warning, (EE) error, (NI) not implemented, (??) unknown.
[    91.786] (==) Log file: "/home/roopam/.local/share/xorg/Xorg.0.log", Time: Thu Apr 22 11:43:58 2021
[    91.820] (==) Using system config directory "/usr/share/X11/xorg.conf.d"
[    91.850] (==) No Layout section.  Using the first Screen section.
[    91.850] (==) No screen section available. Using defaults.
[    91.850] (**) |-->Screen "Default Screen Section" (0)
[    91.850] (**) |   |-->Monitor "<default monitor>"
[    91.851] (==) No monitor specified for screen "Default Screen Section".
	Using a default monitor configuration.
[    91.851] (==) Automatically adding devices
[    91.851] (==) Automatically enabling devices
[    91.851] (==) Automatically adding GPU devices
[    91.851] (==) Automatically binding GPU devices
[    91.851] (==) Max clients allowed: 256, resource mask: 0x1fffff
[    91.851] (WW) The directory "/usr/share/fonts/X11/cyrillic" does not exist.
[    91.851] 	Entry deleted from font path.
[    91.851] (WW) The directory "/usr/share/fonts/X11/100dpi/" does not exist.
[    91.851] 	Entry deleted from font path.
[    91.851] (WW) The directory "/usr/share/fonts/X11/75dpi/" does not exist.
[    91.851] 	Entry deleted from font path.
[    91.851] (WW) The directory "/usr/share/fonts/X11/100dpi" does not exist.
[    91.851] 	Entry deleted from font path.
[    91.852] (WW) The directory "/usr/share/fonts/X11/75dpi" does not exist.
[    91.852] 	Entry deleted from font path.
[    91.852] (==) FontPath set to:
	/usr/share/fonts/X11/misc,
	/usr/share/fonts/X11/Type1,
	built-ins
[    91.852] (==) ModulePath set to "/usr/lib/xorg/modules"
[    91.852] (II) The server relies on udev to provide the list of input devices.
	If no devices become available, reconfigure udev or disable AutoAddDevices.
[    91.852] (II) Loader magic: 0x55f48f33c020
[    91.852] (II) Module ABI versions:
[    91.852] 	X.Org ANSI C Emulation: 0.4
[    91.852] 	X.Org Video Driver: 24.1
[    91.852] 	X.Org XInput driver : 24.1
[    91.852] 	X.Org Server Extension : 10.0
[    91.854] (++) using VT number 2

[    91.861] (II) systemd-logind: took control of session /org/freedesktop/login1/session/_32
[    91.863] (II) xfree86: Adding drm device (/dev/dri/card0)
[    91.865] (II) systemd-logind: got fd for /dev/dri/card0 226:0 fd 12 paused 0
[    91.871] (--) PCI:*(0@0:2:0) 8086:5917:1028:083f rev 7, Mem @ 0xd0000000/16777216, 0xc0000000/268435456, I/O @ 0x0000f000/64, BIOS @ 0x????????/131072
[    91.871] (II) LoadModule: "glx"
[    91.884] (II) Loading /usr/lib/xorg/modules/extensions/libglx.so
[    91.906] (II) Module glx: vendor="X.Org Foundation"
[    91.906] 	compiled for 1.20.8, module version = 1.0.0
[    91.906] 	ABI class: X.Org Server Extension, version 10.0
[    91.906] (==) Matched modesetting as autoconfigured driver 0
[    91.906] (==) Matched fbdev as autoconfigured driver 1
[    91.906] (==) Matched vesa as autoconfigured driver 2
[    91.906] (==) Assigned the driver to the xf86ConfigLayout
[    91.906] (II) LoadModule: "modesetting"
[    91.908] (II) Loading /usr/lib/xorg/modules/drivers/modesetting_drv.so
[    91.910] (II) Module modesetting: vendor="X.Org Foundation"
[    91.910] 	compiled for 1.20.8, module version = 1.20.8
[    91.910] 	Module class: X.Org Video Driver
[    91.910] 	ABI class: X.Org Video Driver, version 24.1
[    91.910] (II) LoadModule: "fbdev"
[    91.911] (II) Loading /usr/lib/xorg/modules/drivers/fbdev_drv.so
[    91.925] (II) Module fbdev: vendor="X.Org Foundation"
[    91.926] 	compiled for 1.20.1, module version = 0.5.0
[    91.926] 	Module class: X.Org Video Driver
[    91.926] 	ABI class: X.Org Video Driver, version 24.0
[    91.926] (II) LoadModule: "vesa"
[    91.926] (II) Loading /usr/lib/xorg/modules/drivers/vesa_drv.so
[    91.928] (II) Module vesa: vendor="X.Org Foundation"
[    91.928] 	compiled for 1.20.1, module version = 2.4.0
[    91.928] 	Module class: X.Org Video Driver
[    91.928] 	ABI class: X.Org Video Driver, version 24.0
[    91.928] (II) modesetting: Driver for Modesetting Kernel Drivers: kms
[    91.929] (II) FBDEV: driver for framebuffer: fbdev
[    91.929] (II) VESA: driver for VESA chipsets: vesa
[    91.929] xf86EnableIOPorts: failed to set IOPL for I/O (Operation not permitted)
[    91.929] (II) modeset(0): using drv /dev/dri/card0
[    91.929] (WW) Falling back to old probe method for fbdev
[    91.929] (II) Loading sub module "fbdevhw"
[    91.929] (II) LoadModule: "fbdevhw"
[    91.929] (II) Loading /usr/lib/xorg/modules/libfbdevhw.so
[    91.960] (II) Module fbdevhw: vendor="X.Org Foundation"
[    91.960] 	compiled for 1.20.8, module version = 0.0.2
[    91.960] 	ABI class: X.Org Video Driver, version 24.1
[    91.960] (EE) open /dev/fb0: Permission denied
[    91.960] (WW) VGA arbiter: cannot open kernel arbiter, no multi-card support
[    91.961] (II) modeset(0): Creating default Display subsection in Screen section
	"Default Screen Section" for depth/fbbpp 24/32
[    91.961] (==) modeset(0): Depth 24, (==) framebuffer bpp 32
[    91.961] (==) modeset(0): RGB weight 888
[    91.961] (==) modeset(0): Default visual is TrueColor
[    91.961] (II) Loading sub module "glamoregl"
[    91.961] (II) LoadModule: "glamoregl"
[    91.961] (II) Loading /usr/lib/xorg/modules/libglamoregl.so
[    91.989] (II) Module glamoregl: vendor="X.Org Foundation"
[    91.989] 	compiled for 1.20.8, module version = 1.0.1
[    91.989] 	ABI class: X.Org ANSI C Emulation, version 0.4
[    92.022] (II) modeset(0): glamor X acceleration enabled on Mesa DRI Intel(R) UHD Graphics 620 (KBL GT2)
[    92.022] (II) modeset(0): glamor initialized
[    92.023] (II) modeset(0): Output eDP-1 has no monitor section
[    92.027] (II) modeset(0): Output HDMI-1 has no monitor section
[    92.028] (II) modeset(0): EDID for output eDP-1
[    92.028] (II) modeset(0): Manufacturer: BOE  Model: 690  Serial#: 0
[    92.028] (II) modeset(0): Year: 2015  Week: 1
[    92.028] (II) modeset(0): EDID Version: 1.4
[    92.028] (II) modeset(0): Digital Display Input
[    92.028] (II) modeset(0): 6 bits per channel
[    92.028] (II) modeset(0): Digital interface is DisplayPort
[    92.028] (II) modeset(0): Max Image Size [cm]: horiz.: 34  vert.: 19
[    92.028] (II) modeset(0): Gamma: 2.20
[    92.028] (II) modeset(0): No DPMS capabilities specified
[    92.028] (II) modeset(0): Supported color encodings: RGB 4:4:4 YCrCb 4:4:4 
[    92.028] (II) modeset(0): First detailed timing is preferred mode
[    92.028] (II) modeset(0): Preferred mode is native pixel format and refresh rate
[    92.028] (II) modeset(0): redX: 0.590 redY: 0.350   greenX: 0.329 greenY: 0.555
[    92.028] (II) modeset(0): blueX: 0.152 blueY: 0.118   whiteX: 0.312 whiteY: 0.328
[    92.028] (II) modeset(0): Manufacturer's mask: 0
[    92.028] (II) modeset(0): Supported detailed timing:
[    92.028] (II) modeset(0): clock: 152.6 MHz   Image Size:  344 x 193 mm
[    92.028] (II) modeset(0): h_active: 1920  h_sync: 1968  h_sync_end 2000 h_blank_end 2192 h_border: 0
[    92.028] (II) modeset(0): v_active: 1080  v_sync: 1083  v_sync_end 1089 v_blanking: 1160 v_border: 0
[    92.028] (II) modeset(0): Supported detailed timing:
[    92.028] (II) modeset(0): clock: 113.1 MHz   Image Size:  344 x 193 mm
[    92.028] (II) modeset(0): h_active: 1920  h_sync: 2020  h_sync_end 2120 h_blank_end 2142 h_border: 0
[    92.028] (II) modeset(0): v_active: 1080  v_sync: 1100  v_sync_end 1120 v_blanking: 1100 v_border: 0
[    92.028] (II) modeset(0):  07TVD€NT15N41
[    92.028] (II) modeset(0): Unknown vendor-specific block 0
[    92.028] (II) modeset(0): EDID (in hex):
[    92.028] (II) modeset(0): 	00ffffffffffff0009e5900600000000
[    92.028] (II) modeset(0): 	01190104952213780a24109759548e27
[    92.028] (II) modeset(0): 	1e505400000001010101010101010101
[    92.028] (II) modeset(0): 	0101010101019c3b8010713850403020
[    92.028] (II) modeset(0): 	360058c11000001a2e2c80de70381440
[    92.028] (II) modeset(0): 	6464440558c11000001a000000fe0030
[    92.028] (II) modeset(0): 	37545644804e5431354e343100000000
[    92.028] (II) modeset(0): 	0000412196001000000a010a202000bc
[    92.028] (II) modeset(0): Printing probed modes for output eDP-1
[    92.028] (II) modeset(0): Modeline "1920x1080"x60.0  152.60  1920 1968 2000 2192  1080 1083 1089 1160 +hsync -vsync (69.6 kHz eP)
[    92.028] (II) modeset(0): Modeline "1920x1080"x120.0  356.38  1920 2080 2288 2656  1080 1081 1084 1118 doublescan -hsync +vsync (134.2 kHz d)
[    92.028] (II) modeset(0): Modeline "1920x1080"x119.9  266.50  1920 1944 1960 2000  1080 1081 1084 1111 doublescan +hsync -vsync (133.2 kHz d)
[    92.028] (II) modeset(0): Modeline "1920x1080"x60.0  173.00  1920 2048 2248 2576  1080 1083 1088 1120 -hsync +vsync (67.2 kHz d)
[    92.028] (II) modeset(0): Modeline "1920x1080"x59.9  138.50  1920 1968 2000 2080  1080 1083 1088 1111 +hsync -vsync (66.6 kHz d)
[    92.028] (II) modeset(0): Modeline "1920x1080"x47.1  113.10  1920 2020 2120 2142  1080 1100 1120 1121 +hsync -vsync (52.8 kHz e)
[    92.028] (II) modeset(0): Modeline "1680x1050"x60.0  146.25  1680 1784 1960 2240  1050 1053 1059 1089 -hsync +vsync (65.3 kHz d)
[    92.028] (II) modeset(0): Modeline "1680x1050"x59.9  119.00  1680 1728 1760 1840  1050 1053 1059 1080 +hsync -vsync (64.7 kHz d)
[    92.028] (II) modeset(0): Modeline "1600x1024"x60.2  103.12  1600 1600 1656 1664  1024 1024 1029 1030 +hsync +vsync (62.0 kHz d)
[    92.028] (II) modeset(0): Modeline "1400x1050"x60.0  122.00  1400 1488 1640 1880  1050 1052 1064 1082 +hsync +vsync (64.9 kHz d)
[    92.028] (II) modeset(0): Modeline "1600x900"x120.0  246.00  1600 1728 1900 2200  900 901 904 932 doublescan -hsync +vsync (111.8 kHz d)
[    92.028] (II) modeset(0): Modeline "1600x900"x119.9  186.50  1600 1624 1640 1680  900 901 904 926 doublescan +hsync -vsync (111.0 kHz d)
[    92.028] (II) modeset(0): Modeline "1600x900"x59.9  118.25  1600 1696 1856 2112  900 903 908 934 -hsync +vsync (56.0 kHz d)
[    92.028] (II) modeset(0): Modeline "1600x900"x59.8   97.50  1600 1648 1680 1760  900 903 908 926 +hsync -vsync (55.4 kHz d)
[    92.028] (II) modeset(0): Modeline "1280x1024"x60.0  108.00  1280 1328 1440 1688  1024 1025 1028 1066 +hsync +vsync (64.0 kHz d)
[    92.028] (II) modeset(0): Modeline "1440x900"x59.9  106.50  1440 1520 1672 1904  900 903 909 934 -hsync +vsync (55.9 kHz d)
[    92.028] (II) modeset(0): Modeline "1400x900"x60.0  103.50  1400 1480 1624 1848  900 903 913 934 -hsync +vsync (56.0 kHz d)
[    92.028] (II) modeset(0): Modeline "1400x900"x59.9   86.50  1400 1448 1480 1560  900 903 913 926 +hsync -vsync (55.4 kHz d)
[    92.028] (II) modeset(0): Modeline "1280x960"x60.0  108.00  1280 1376 1488 1800  960 961 964 1000 +hsync +vsync (60.0 kHz d)
[    92.028] (II) modeset(0): Modeline "1440x810"x120.0  198.12  1440 1548 1704 1968  810 811 814 839 doublescan -hsync +vsync (100.7 kHz d)
[    92.028] (II) modeset(0): Modeline "1440x810"x119.9  151.88  1440 1464 1480 1520  810 811 814 833 doublescan +hsync -vsync (99.9 kHz d)
[    92.028] (II) modeset(0): Modeline "1368x768"x59.9   85.25  1368 1440 1576 1784  768 771 781 798 -hsync +vsync (47.8 kHz d)
[    92.028] (II) modeset(0): Modeline "1368x768"x59.9   72.25  1368 1416 1448 1528  768 771 781 790 +hsync -vsync (47.3 kHz d)
[    92.028] (II) modeset(0): Modeline "1360x768"x59.8   84.75  1360 1432 1568 1776  768 771 781 798 -hsync +vsync (47.7 kHz d)
[    92.028] (II) modeset(0): Modeline "1360x768"x60.0   72.00  1360 1408 1440 1520  768 771 781 790 +hsync -vsync (47.4 kHz d)
[    92.028] (II) modeset(0): Modeline "1280x800"x120.0  174.25  1280 1380 1516 1752  800 801 804 829 doublescan -hsync +vsync (99.5 kHz d)
[    92.028] (II) modeset(0): Modeline "1280x800"x119.9  134.25  1280 1304 1320 1360  800 801 804 823 doublescan +hsync -vsync (98.7 kHz d)
[    92.028] (II) modeset(0): Modeline "1280x800"x59.8   83.50  1280 1352 1480 1680  800 803 809 831 -hsync +vsync (49.7 kHz d)
[    92.028] (II) modeset(0): Modeline "1280x800"x59.9   71.00  1280 1328 1360 1440  800 803 809 823 +hsync -vsync (49.3 kHz d)
[    92.029] (II) modeset(0): Modeline "1152x864"x60.0   81.62  1152 1216 1336 1520  864 865 868 895 -hsync +vsync (53.7 kHz d)
[    92.029] (II) modeset(0): Modeline "1280x720"x120.0  156.12  1280 1376 1512 1744  720 721 724 746 doublescan -hsync +vsync (89.5 kHz d)
[    92.029] (II) modeset(0): Modeline "1280x720"x120.0  120.75  1280 1304 1320 1360  720 721 724 740 doublescan +hsync -vsync (88.8 kHz d)
[    92.029] (II) modeset(0): Modeline "1280x720"x59.9   74.50  1280 1344 1472 1664  720 723 728 748 -hsync +vsync (44.8 kHz d)
[    92.029] (II) modeset(0): Modeline "1280x720"x59.7   63.75  1280 1328 1360 1440  720 723 728 741 +hsync -vsync (44.3 kHz d)
[    92.029] (II) modeset(0): Modeline "1024x768"x120.1  133.47  1024 1100 1212 1400  768 768 770 794 doublescan -hsync +vsync (95.3 kHz d)
[    92.029] (II) modeset(0): Modeline "1024x768"x60.0   65.00  1024 1048 1184 1344  768 771 777 806 -hsync -vsync (48.4 kHz d)
[    92.029] (II) modeset(0): Modeline "960x720"x120.0  117.00  960 1024 1128 1300  720 720 722 750 doublescan -hsync +vsync (90.0 kHz d)
[    92.029] (II) modeset(0): Modeline "928x696"x120.1  109.15  928 976 1088 1264  696 696 698 719 doublescan -hsync +vsync (86.4 kHz d)
[    92.029] (II) modeset(0): Modeline "896x672"x120.0  102.40  896 960 1060 1224  672 672 674 697 doublescan -hsync +vsync (83.7 kHz d)
[    92.029] (II) modeset(0): Modeline "1024x576"x119.9   98.50  1024 1092 1200 1376  576 577 580 597 doublescan -hsync +vsync (71.6 kHz d)
[    92.029] (II) modeset(0): Modeline "1024x576"x119.9   78.38  1024 1048 1064 1104  576 577 580 592 doublescan +hsync -vsync (71.0 kHz d)
[    92.029] (II) modeset(0): Modeline "1024x576"x59.9   46.50  1024 1064 1160 1296  576 579 584 599 -hsync +vsync (35.9 kHz d)
[    92.029] (II) modeset(0): Modeline "1024x576"x59.8   42.00  1024 1072 1104 1184  576 579 584 593 +hsync -vsync (35.5 kHz d)
[    92.029] (II) modeset(0): Modeline "960x600"x119.9   96.62  960 1028 1128 1296  600 601 604 622 doublescan -hsync +vsync (74.6 kHz d)
[    92.029] (II) modeset(0): Modeline "960x600"x120.0   77.00  960 984 1000 1040  600 601 604 617 doublescan +hsync -vsync (74.0 kHz d)
[    92.029] (II) modeset(0): Modeline "960x540"x119.9   86.50  960 1024 1124 1288  540 541 544 560 doublescan -hsync +vsync (67.2 kHz d)
[    92.029] (II) modeset(0): Modeline "960x540"x120.0   69.25  960 984 1000 1040  540 541 544 555 doublescan +hsync -vsync (66.6 kHz d)
[    92.029] (II) modeset(0): Modeline "960x540"x59.6   40.75  960 992 1088 1216  540 543 548 562 -hsync +vsync (33.5 kHz d)
[    92.029] (II) modeset(0): Modeline "960x540"x59.8   37.25  960 1008 1040 1120  540 543 548 556 +hsync -vsync (33.3 kHz d)
[    92.029] (II) modeset(0): Modeline "800x600"x120.0   81.00  800 832 928 1080  600 600 602 625 doublescan +hsync +vsync (75.0 kHz d)
[    92.029] (II) modeset(0): Modeline "800x600"x60.3   40.00  800 840 968 1056  600 601 605 628 +hsync +vsync (37.9 kHz d)
[    92.029] (II) modeset(0): Modeline "800x600"x56.2   36.00  800 824 896 1024  600 601 603 625 +hsync +vsync (35.2 kHz d)
[    92.029] (II) modeset(0): Modeline "840x525"x120.0   73.12  840 892 980 1120  525 526 529 544 doublescan -hsync +vsync (65.3 kHz d)
[    92.029] (II) modeset(0): Modeline "840x525"x119.8   59.50  840 864 880 920  525 526 529 540 doublescan +hsync -vsync (64.7 kHz d)
[    92.029] (II) modeset(0): Modeline "864x486"x59.9   32.50  864 888 968 1072  486 489 494 506 -hsync +vsync (30.3 kHz d)
[    92.029] (II) modeset(0): Modeline "864x486"x59.6   30.50  864 912 944 1024  486 489 494 500 +hsync -vsync (29.8 kHz d)
[    92.029] (II) modeset(0): Modeline "800x512"x120.3   51.56  800 800 828 832  512 512 514 515 doublescan +hsync +vsync (62.0 kHz d)
[    92.029] (II) modeset(0): Modeline "700x525"x120.0   61.00  700 744 820 940  525 526 532 541 doublescan +hsync +vsync (64.9 kHz d)
[    92.029] (II) modeset(0): Modeline "800x450"x119.9   59.12  800 848 928 1056  450 451 454 467 doublescan -hsync +vsync (56.0 kHz d)
[    92.029] (II) modeset(0): Modeline "800x450"x119.6   48.75  800 824 840 880  450 451 454 463 doublescan +hsync -vsync (55.4 kHz d)
[    92.029] (II) modeset(0): Modeline "640x512"x120.0   54.00  640 664 720 844  512 512 514 533 doublescan +hsync +vsync (64.0 kHz d)
[    92.029] (II) modeset(0): Modeline "720x450"x119.8   53.25  720 760 836 952  450 451 454 467 doublescan -hsync +vsync (55.9 kHz d)
[    92.029] (II) modeset(0): Modeline "700x450"x119.9   51.75  700 740 812 924  450 451 456 467 doublescan -hsync +vsync (56.0 kHz d)
[    92.029] (II) modeset(0): Modeline "700x450"x119.8   43.25  700 724 740 780  450 451 456 463 doublescan +hsync -vsync (55.4 kHz d)
[    92.029] (II) modeset(0): Modeline "640x480"x120.0   54.00  640 688 744 900  480 480 482 500 doublescan +hsync +vsync (60.0 kHz d)
[    92.029] (II) modeset(0): Modeline "640x480"x59.9   25.18  640 656 752 800  480 490 492 525 -hsync -vsync (31.5 kHz d)
[    92.029] (II) modeset(0): Modeline "720x405"x59.5   22.50  720 744 808 896  405 408 413 422 -hsync +vsync (25.1 kHz d)
[    92.029] (II) modeset(0): Modeline "720x405"x59.0   21.75  720 768 800 880  405 408 413 419 +hsync -vsync (24.7 kHz d)
[    92.029] (II) modeset(0): Modeline "684x384"x119.8   42.62  684 720 788 892  384 385 390 399 doublescan -hsync +vsync (47.8 kHz d)
[    92.029] (II) modeset(0): Modeline "684x384"x119.7   36.12  684 708 724 764  384 385 390 395 doublescan +hsync -vsync (47.3 kHz d)
[    92.029] (II) modeset(0): Modeline "680x384"x119.6   42.38  680 716 784 888  384 385 390 399 doublescan -hsync +vsync (47.7 kHz d)
[    92.029] (II) modeset(0): Modeline "680x384"x119.9   36.00  680 704 720 760  384 385 390 395 doublescan +hsync -vsync (47.4 kHz d)
[    92.029] (II) modeset(0): Modeline "640x400"x119.8   41.75  640 676 740 840  400 401 404 415 doublescan -hsync +vsync (49.7 kHz d)
[    92.029] (II) modeset(0): Modeline "640x400"x120.0   35.50  640 664 680 720  400 401 404 411 doublescan +hsync -vsync (49.3 kHz d)
[    92.029] (II) modeset(0): Modeline "576x432"x120.1   40.81  576 608 668 760  432 432 434 447 doublescan -hsync +vsync (53.7 kHz d)
[    92.029] (II) modeset(0): Modeline "640x360"x119.7   37.25  640 672 736 832  360 361 364 374 doublescan -hsync +vsync (44.8 kHz d)
[    92.029] (II) modeset(0): Modeline "640x360"x119.7   31.88  640 664 680 720  360 361 364 370 doublescan +hsync -vsync (44.3 kHz d)
[    92.029] (II) modeset(0): Modeline "640x360"x59.8   18.00  640 664 720 800  360 363 368 376 -hsync +vsync (22.5 kHz d)
[    92.029] (II) modeset(0): Modeline "640x360"x59.3   17.75  640 688 720 800  360 363 368 374 +hsync -vsync (22.2 kHz d)
[    92.029] (II) modeset(0): Modeline "512x384"x120.0   32.50  512 524 592 672  384 385 388 403 doublescan -hsync -vsync (48.4 kHz d)
[    92.029] (II) modeset(0): Modeline "512x288"x120.0   23.25  512 532 580 648  288 289 292 299 doublescan -hsync +vsync (35.9 kHz d)
[    92.029] (II) modeset(0): Modeline "512x288"x119.8   21.00  512 536 552 592  288 289 292 296 doublescan +hsync -vsync (35.5 kHz d)
[    92.029] (II) modeset(0): Modeline "480x270"x119.3   20.38  480 496 544 608  270 271 274 281 doublescan -hsync +vsync (33.5 kHz d)
[    92.029] (II) modeset(0): Modeline "480x270"x119.6   18.62  480 504 520 560  270 271 274 278 doublescan +hsync -vsync (33.3 kHz d)
[    92.029] (II) modeset(0): Modeline "400x300"x120.6   20.00  400 420 484 528  300 300 302 314 doublescan +hsync +vsync (37.9 kHz d)
[    92.029] (II) modeset(0): Modeline "400x300"x112.7   18.00  400 412 448 512  300 300 301 312 doublescan +hsync +vsync (35.2 kHz d)
[    92.029] (II) modeset(0): Modeline "432x243"x119.8   16.25  432 444 484 536  243 244 247 253 doublescan -hsync +vsync (30.3 kHz d)
[    92.029] (II) modeset(0): Modeline "432x243"x119.1   15.25  432 456 472 512  243 244 247 250 doublescan +hsync -vsync (29.8 kHz d)
[    92.029] (II) modeset(0): Modeline "320x240"x120.1   12.59  320 328 376 400  240 245 246 262 doublescan -hsync -vsync (31.5 kHz d)
[    92.029] (II) modeset(0): Modeline "360x202"x119.0   11.25  360 372 404 448  202 204 206 211 doublescan -hsync +vsync (25.1 kHz d)
[    92.029] (II) modeset(0): Modeline "360x202"x118.3   10.88  360 384 400 440  202 204 206 209 doublescan +hsync -vsync (24.7 kHz d)
[    92.029] (II) modeset(0): Modeline "320x180"x119.7    9.00  320 332 360 400  180 181 184 188 doublescan -hsync +vsync (22.5 kHz d)
[    92.029] (II) modeset(0): Modeline "320x180"x118.6    8.88  320 344 360 400  180 181 184 187 doublescan +hsync -vsync (22.2 kHz d)
[    92.033] (II) modeset(0): EDID for output HDMI-1
[    92.033] (II) modeset(0): Output eDP-1 connected
[    92.033] (II) modeset(0): Output HDMI-1 disconnected
[    92.033] (II) modeset(0): Using exact sizes for initial modes
[    92.033] (II) modeset(0): Output eDP-1 using initial mode 1920x1080 +0+0
[    92.033] (==) modeset(0): Using gamma correction (1.0, 1.0, 1.0)
[    92.033] (==) modeset(0): DPI set to (96, 96)
[    92.033] (II) Loading sub module "fb"
[    92.033] (II) LoadModule: "fb"
[    92.033] (II) Loading /usr/lib/xorg/modules/libfb.so
[    92.046] (II) Module fb: vendor="X.Org Foundation"
[    92.046] 	compiled for 1.20.8, module version = 1.0.0
[    92.046] 	ABI class: X.Org ANSI C Emulation, version 0.4
[    92.046] (II) UnloadModule: "fbdev"
[    92.046] (II) Unloading fbdev
[    92.046] (II) UnloadSubModule: "fbdevhw"
[    92.046] (II) Unloading fbdevhw
[    92.046] (II) UnloadModule: "vesa"
[    92.046] (II) Unloading vesa
[    92.140] (==) modeset(0): Backing store enabled
[    92.140] (==) modeset(0): Silken mouse enabled
[    92.198] (II) modeset(0): Initializing kms color map for depth 24, 8 bpc.
[    92.199] (==) modeset(0): DPMS enabled
[    92.200] (II) modeset(0): [DRI2] Setup complete
[    92.200] (II) modeset(0): [DRI2]   DRI driver: i965
[    92.200] (II) modeset(0): [DRI2]   VDPAU driver: va_gl
[    92.200] (II) Initializing extension Generic Event Extension
[    92.201] (II) Initializing extension SHAPE
[    92.201] (II) Initializing extension MIT-SHM
[    92.201] (II) Initializing extension XInputExtension
[    92.203] (II) Initializing extension XTEST
[    92.203] (II) Initializing extension BIG-REQUESTS
[    92.203] (II) Initializing extension SYNC
[    92.204] (II) Initializing extension XKEYBOARD
[    92.204] (II) Initializing extension XC-MISC
[    92.204] (II) Initializing extension SECURITY
[    92.205] (II) Initializing extension XFIXES
[    92.205] (II) Initializing extension RENDER
[    92.205] (II) Initializing extension RANDR
[    92.206] (II) Initializing extension COMPOSITE
[    92.206] (II) Initializing extension DAMAGE
[    92.207] (II) Initializing extension MIT-SCREEN-SAVER
[    92.207] (II) Initializing extension DOUBLE-BUFFER
[    92.207] (II) Initializing extension RECORD
[    92.208] (II) Initializing extension DPMS
[    92.208] (II) Initializing extension Present
[    92.208] (II) Initializing extension DRI3
[    92.209] (II) Initializing extension X-Resource
[    92.209] (II) Initializing extension XVideo
[    92.209] (II) Initializing extension XVideo-MotionCompensation
[    92.209] (II) Initializing extension SELinux
[    92.209] (II) SELinux: Disabled on system
[    92.209] (II) Initializing extension GLX
[    92.226] (II) AIGLX: Loaded and initialized i965
[    92.226] (II) GLX: Initialized DRI2 GL provider for screen 0
[    92.226] (II) Initializing extension XFree86-VidModeExtension
[    92.226] (II) Initializing extension XFree86-DGA
[    92.226] (II) Initializing extension XFree86-DRI
[    92.226] (II) Initializing extension DRI2
[    92.232] (II) modeset(0): Damage tracking initialized
[    92.232] (II) modeset(0): Setting screen physical size to 508 x 285
[    92.289] (II) config/udev: Adding input device Power Button (/dev/input/event3)
[    92.289] (**) Power Button: Applying InputClass "libinput keyboard catchall"
[    92.289] (II) LoadModule: "libinput"
[    92.289] (II) Loading /usr/lib/xorg/modules/input/libinput_drv.so
[    92.291] (II) Module libinput: vendor="X.Org Foundation"
[    92.291] 	compiled for 1.20.1, module version = 0.28.1
[    92.291] 	Module class: X.Org XInput Driver
[    92.291] 	ABI class: X.Org XInput driver, version 24.1
[    92.291] (II) Using input driver 'libinput' for 'Power Button'
[    92.292] (II) systemd-logind: got fd for /dev/input/event3 13:67 fd 22 paused 0
[    92.292] (**) Power Button: always reports core events
[    92.292] (**) Option "Device" "/dev/input/event3"
[    92.292] (**) Option "_source" "server/udev"
[    92.293] (II) event3  - Power Button: is tagged by udev as: Keyboard
[    92.293] (II) event3  - Power Button: device is a keyboard
[    92.293] (II) event3  - Power Button: device removed
[    92.293] (**) Option "config_info" "udev:/sys/devices/LNXSYSTM:00/LNXPWRBN:00/input/input3/event3"
[    92.293] (II) XINPUT: Adding extended input device "Power Button" (type: KEYBOARD, id 6)
[    92.293] (**) Option "xkb_model" "pc105"
[    92.293] (**) Option "xkb_layout" "us"
[    92.293] (II) event3  - Power Button: is tagged by udev as: Keyboard
[    92.293] (II) event3  - Power Button: device is a keyboard
[    92.294] (II) config/udev: Adding input device Video Bus (/dev/input/event12)
[    92.294] (**) Video Bus: Applying InputClass "libinput keyboard catchall"
[    92.294] (II) Using input driver 'libinput' for 'Video Bus'
[    92.294] (II) systemd-logind: got fd for /dev/input/event12 13:76 fd 25 paused 0
[    92.294] (**) Video Bus: always reports core events
[    92.294] (**) Option "Device" "/dev/input/event12"
[    92.294] (**) Option "_source" "server/udev"
[    92.295] (II) event12 - Video Bus: is tagged by udev as: Keyboard
[    92.295] (II) event12 - Video Bus: device is a keyboard
[    92.295] (II) event12 - Video Bus: device removed
[    92.295] (**) Option "config_info" "udev:/sys/devices/LNXSYSTM:00/LNXSYBUS:00/PNP0A08:00/LNXVIDEO:00/input/input14/event12"
[    92.295] (II) XINPUT: Adding extended input device "Video Bus" (type: KEYBOARD, id 7)
[    92.295] (**) Option "xkb_model" "pc105"
[    92.295] (**) Option "xkb_layout" "us"
[    92.295] (II) event12 - Video Bus: is tagged by udev as: Keyboard
[    92.295] (II) event12 - Video Bus: device is a keyboard
[    92.296] (II) config/udev: Adding input device Power Button (/dev/input/event1)
[    92.296] (**) Power Button: Applying InputClass "libinput keyboard catchall"
[    92.296] (II) Using input driver 'libinput' for 'Power Button'
[    92.296] (II) systemd-logind: got fd for /dev/input/event1 13:65 fd 26 paused 0
[    92.296] (**) Power Button: always reports core events
[    92.296] (**) Option "Device" "/dev/input/event1"
[    92.296] (**) Option "_source" "server/udev"
[    92.297] (II) event1  - Power Button: is tagged by udev as: Keyboard
[    92.297] (II) event1  - Power Button: device is a keyboard
[    92.297] (II) event1  - Power Button: device removed
[    92.297] (**) Option "config_info" "udev:/sys/devices/LNXSYSTM:00/LNXSYBUS:00/PNP0C0C:00/input/input1/event1"
[    92.297] (II) XINPUT: Adding extended input device "Power Button" (type: KEYBOARD, id 8)
[    92.297] (**) Option "xkb_model" "pc105"
[    92.297] (**) Option "xkb_layout" "us"
[    92.297] (II) event1  - Power Button: is tagged by udev as: Keyboard
[    92.297] (II) event1  - Power Button: device is a keyboard
[    92.298] (II) config/udev: Adding input device Lid Switch (/dev/input/event0)
[    92.298] (II) No input driver specified, ignoring this device.
[    92.298] (II) This device may have been added with another device file.
[    92.298] (II) config/udev: Adding input device Sleep Button (/dev/input/event2)
[    92.298] (**) Sleep Button: Applying InputClass "libinput keyboard catchall"
[    92.298] (II) Using input driver 'libinput' for 'Sleep Button'
[    92.299] (II) systemd-logind: got fd for /dev/input/event2 13:66 fd 27 paused 0
[    92.299] (**) Sleep Button: always reports core events
[    92.299] (**) Option "Device" "/dev/input/event2"
[    92.299] (**) Option "_source" "server/udev"
[    92.299] (II) event2  - Sleep Button: is tagged by udev as: Keyboard
[    92.299] (II) event2  - Sleep Button: device is a keyboard
[    92.299] (II) event2  - Sleep Button: device removed
[    92.299] (**) Option "config_info" "udev:/sys/devices/LNXSYSTM:00/LNXSYBUS:00/PNP0C0E:00/input/input2/event2"
[    92.300] (II) XINPUT: Adding extended input device "Sleep Button" (type: KEYBOARD, id 9)
[    92.300] (**) Option "xkb_model" "pc105"
[    92.300] (**) Option "xkb_layout" "us"
[    92.300] (II) event2  - Sleep Button: is tagged by udev as: Keyboard
[    92.300] (II) event2  - Sleep Button: device is a keyboard
[    92.301] (II) config/udev: Adding input device PixArt HP USB Optical Mouse (/dev/input/event5)
[    92.301] (**) PixArt HP USB Optical Mouse: Applying InputClass "libinput pointer catchall"
[    92.301] (II) Using input driver 'libinput' for 'PixArt HP USB Optical Mouse'
[    92.302] (II) systemd-logind: got fd for /dev/input/event5 13:69 fd 28 paused 0
[    92.302] (**) PixArt HP USB Optical Mouse: always reports core events
[    92.302] (**) Option "Device" "/dev/input/event5"
[    92.302] (**) Option "_source" "server/udev"
[    92.302] (II) event5  - PixArt HP USB Optical Mouse: is tagged by udev as: Mouse
[    92.302] (II) event5  - PixArt HP USB Optical Mouse: device is a pointer
[    92.302] (II) event5  - PixArt HP USB Optical Mouse: device removed
[    92.303] (**) Option "config_info" "udev:/sys/devices/pci0000:00/0000:00:14.0/usb1/1-2/1-2:1.0/0003:03F0:134A.0001/input/input7/event5"
[    92.303] (II) XINPUT: Adding extended input device "PixArt HP USB Optical Mouse" (type: MOUSE, id 10)
[    92.303] (**) Option "AccelerationScheme" "none"
[    92.303] (**) PixArt HP USB Optical Mouse: (accel) selected scheme none/0
[    92.303] (**) PixArt HP USB Optical Mouse: (accel) acceleration factor: 2.000
[    92.303] (**) PixArt HP USB Optical Mouse: (accel) acceleration threshold: 4
[    92.303] (II) event5  - PixArt HP USB Optical Mouse: is tagged by udev as: Mouse
[    92.303] (II) event5  - PixArt HP USB Optical Mouse: device is a pointer
[    92.304] (II) config/udev: Adding input device PixArt HP USB Optical Mouse (/dev/input/mouse0)
[    92.304] (II) No input driver specified, ignoring this device.
[    92.304] (II) This device may have been added with another device file.
[    92.304] (II) config/udev: Adding input device Integrated_Webcam_HD: Integrate (/dev/input/event11)
[    92.304] (**) Integrated_Webcam_HD: Integrate: Applying InputClass "libinput keyboard catchall"
[    92.304] (II) Using input driver 'libinput' for 'Integrated_Webcam_HD: Integrate'
[    92.305] (II) systemd-logind: got fd for /dev/input/event11 13:75 fd 29 paused 0
[    92.305] (**) Integrated_Webcam_HD: Integrate: always reports core events
[    92.305] (**) Option "Device" "/dev/input/event11"
[    92.305] (**) Option "_source" "server/udev"
[    92.305] (II) event11 - Integrated_Webcam_HD: Integrate: is tagged by udev as: Keyboard
[    92.305] (II) event11 - Integrated_Webcam_HD: Integrate: device is a keyboard
[    92.305] (II) event11 - Integrated_Webcam_HD: Integrate: device removed
[    92.305] (**) Option "config_info" "udev:/sys/devices/pci0000:00/0000:00:14.0/usb1/1-5/1-5:1.0/input/input13/event11"
[    92.305] (II) XINPUT: Adding extended input device "Integrated_Webcam_HD: Integrate" (type: KEYBOARD, id 11)
[    92.305] (**) Option "xkb_model" "pc105"
[    92.305] (**) Option "xkb_layout" "us"
[    92.306] (II) event11 - Integrated_Webcam_HD: Integrate: is tagged by udev as: Keyboard
[    92.306] (II) event11 - Integrated_Webcam_HD: Integrate: device is a keyboard
[    92.306] (II) config/udev: Adding input device DELL083F:00 04F3:3088 Mouse (/dev/input/event7)
[    92.306] (**) DELL083F:00 04F3:3088 Mouse: Applying InputClass "libinput pointer catchall"
[    92.306] (II) Using input driver 'libinput' for 'DELL083F:00 04F3:3088 Mouse'
[    92.307] (II) systemd-logind: got fd for /dev/input/event7 13:71 fd 30 paused 0
[    92.307] (**) DELL083F:00 04F3:3088 Mouse: always reports core events
[    92.307] (**) Option "Device" "/dev/input/event7"
[    92.307] (**) Option "_source" "server/udev"
[    92.308] (II) event7  - DELL083F:00 04F3:3088 Mouse: is tagged by udev as: Mouse
[    92.308] (II) event7  - DELL083F:00 04F3:3088 Mouse: device is a pointer
[    92.308] (II) event7  - DELL083F:00 04F3:3088 Mouse: device removed
[    92.308] (**) Option "config_info" "udev:/sys/devices/pci0000:00/0000:00:15.0/i2c_designware.0/i2c-0/i2c-DELL083F:00/0018:04F3:3088.0002/input/input15/event7"
[    92.308] (II) XINPUT: Adding extended input device "DELL083F:00 04F3:3088 Mouse" (type: MOUSE, id 12)
[    92.308] (**) Option "AccelerationScheme" "none"
[    92.308] (**) DELL083F:00 04F3:3088 Mouse: (accel) selected scheme none/0
[    92.308] (**) DELL083F:00 04F3:3088 Mouse: (accel) acceleration factor: 2.000
[    92.308] (**) DELL083F:00 04F3:3088 Mouse: (accel) acceleration threshold: 4
[    92.308] (II) event7  - DELL083F:00 04F3:3088 Mouse: is tagged by udev as: Mouse
[    92.308] (II) event7  - DELL083F:00 04F3:3088 Mouse: device is a pointer
[    92.309] (II) config/udev: Adding input device DELL083F:00 04F3:3088 Mouse (/dev/input/mouse2)
[    92.309] (II) No input driver specified, ignoring this device.
[    92.309] (II) This device may have been added with another device file.
[    92.309] (II) config/udev: Adding input device DELL083F:00 04F3:3088 Touchpad (/dev/input/event8)
[    92.309] (**) DELL083F:00 04F3:3088 Touchpad: Applying InputClass "libinput touchpad catchall"
[    92.309] (II) Using input driver 'libinput' for 'DELL083F:00 04F3:3088 Touchpad'
[    92.310] (II) systemd-logind: got fd for /dev/input/event8 13:72 fd 31 paused 0
[    92.310] (**) DELL083F:00 04F3:3088 Touchpad: always reports core events
[    92.310] (**) Option "Device" "/dev/input/event8"
[    92.310] (**) Option "_source" "server/udev"
[    92.310] (II) event8  - DELL083F:00 04F3:3088 Touchpad: is tagged by udev as: Touchpad
[    92.310] (II) event8  - DELL083F:00 04F3:3088 Touchpad: device is a touchpad
[    92.310] (II) event8  - DELL083F:00 04F3:3088 Touchpad: device removed
[    92.310] (**) Option "config_info" "udev:/sys/devices/pci0000:00/0000:00:15.0/i2c_designware.0/i2c-0/i2c-DELL083F:00/0018:04F3:3088.0002/input/input16/event8"
[    92.310] (II) XINPUT: Adding extended input device "DELL083F:00 04F3:3088 Touchpad" (type: TOUCHPAD, id 13)
[    92.311] (**) Option "AccelerationScheme" "none"
[    92.311] (**) DELL083F:00 04F3:3088 Touchpad: (accel) selected scheme none/0
[    92.311] (**) DELL083F:00 04F3:3088 Touchpad: (accel) acceleration factor: 2.000
[    92.311] (**) DELL083F:00 04F3:3088 Touchpad: (accel) acceleration threshold: 4
[    92.311] (II) event8  - DELL083F:00 04F3:3088 Touchpad: is tagged by udev as: Touchpad
[    92.311] (II) event8  - DELL083F:00 04F3:3088 Touchpad: device is a touchpad
[    92.312] (II) config/udev: Adding input device DELL083F:00 04F3:3088 Touchpad (/dev/input/mouse3)
[    92.312] (II) No input driver specified, ignoring this device.
[    92.312] (II) This device may have been added with another device file.
[    92.312] (II) config/udev: Adding input device HDA Intel PCH Headphone Mic (/dev/input/event13)
[    92.312] (II) No input driver specified, ignoring this device.
[    92.312] (II) This device may have been added with another device file.
[    92.312] (II) config/udev: Adding input device HDA Intel PCH HDMI/DP,pcm=3 (/dev/input/event14)
[    92.312] (II) No input driver specified, ignoring this device.
[    92.312] (II) This device may have been added with another device file.
[    92.313] (II) config/udev: Adding input device HDA Intel PCH HDMI/DP,pcm=7 (/dev/input/event15)
[    92.313] (II) No input driver specified, ignoring this device.
[    92.313] (II) This device may have been added with another device file.
[    92.313] (II) config/udev: Adding input device HDA Intel PCH HDMI/DP,pcm=8 (/dev/input/event16)
[    92.313] (II) No input driver specified, ignoring this device.
[    92.313] (II) This device may have been added with another device file.
[    92.313] (II) config/udev: Adding input device HDA Intel PCH HDMI/DP,pcm=9 (/dev/input/event17)
[    92.313] (II) No input driver specified, ignoring this device.
[    92.313] (II) This device may have been added with another device file.
[    92.314] (II) config/udev: Adding input device HDA Intel PCH HDMI/DP,pcm=10 (/dev/input/event18)
[    92.314] (II) No input driver specified, ignoring this device.
[    92.314] (II) This device may have been added with another device file.
[    92.314] (II) config/udev: Adding input device Intel HID events (/dev/input/event10)
[    92.314] (**) Intel HID events: Applying InputClass "libinput keyboard catchall"
[    92.314] (II) Using input driver 'libinput' for 'Intel HID events'
[    92.315] (II) systemd-logind: got fd for /dev/input/event10 13:74 fd 32 paused 0
[    92.315] (**) Intel HID events: always reports core events
[    92.315] (**) Option "Device" "/dev/input/event10"
[    92.315] (**) Option "_source" "server/udev"
[    92.315] (II) event10 - Intel HID events: is tagged by udev as: Keyboard
[    92.315] (II) event10 - Intel HID events: device is a keyboard
[    92.315] (II) event10 - Intel HID events: device removed
[    92.315] (**) Option "config_info" "udev:/sys/devices/platform/INT33D5:00/input/input12/event10"
[    92.315] (II) XINPUT: Adding extended input device "Intel HID events" (type: KEYBOARD, id 14)
[    92.315] (**) Option "xkb_model" "pc105"
[    92.315] (**) Option "xkb_layout" "us"
[    92.316] (II) event10 - Intel HID events: is tagged by udev as: Keyboard
[    92.316] (II) event10 - Intel HID events: device is a keyboard
[    92.316] (II) config/udev: Adding input device Dell WMI hotkeys (/dev/input/event9)
[    92.316] (**) Dell WMI hotkeys: Applying InputClass "libinput keyboard catchall"
[    92.316] (II) Using input driver 'libinput' for 'Dell WMI hotkeys'
[    92.317] (II) systemd-logind: got fd for /dev/input/event9 13:73 fd 33 paused 0
[    92.317] (**) Dell WMI hotkeys: always reports core events
[    92.317] (**) Option "Device" "/dev/input/event9"
[    92.317] (**) Option "_source" "server/udev"
[    92.317] (II) event9  - Dell WMI hotkeys: is tagged by udev as: Keyboard
[    92.317] (II) event9  - Dell WMI hotkeys: device is a keyboard
[    92.317] (II) event9  - Dell WMI hotkeys: device removed
[    92.317] (**) Option "config_info" "udev:/sys/devices/platform/PNP0C14:00/wmi_bus/wmi_bus-PNP0C14:00/9DBB5994-A997-11DA-B012-B622A1EF5492/input/input11/event9"
[    92.317] (II) XINPUT: Adding extended input device "Dell WMI hotkeys" (type: KEYBOARD, id 15)
[    92.317] (**) Option "xkb_model" "pc105"
[    92.317] (**) Option "xkb_layout" "us"
[    92.318] (II) event9  - Dell WMI hotkeys: is tagged by udev as: Keyboard
[    92.318] (II) event9  - Dell WMI hotkeys: device is a keyboard
[    92.318] (II) config/udev: Adding input device AT Translated Set 2 keyboard (/dev/input/event4)
[    92.318] (**) AT Translated Set 2 keyboard: Applying InputClass "libinput keyboard catchall"
[    92.318] (II) Using input driver 'libinput' for 'AT Translated Set 2 keyboard'
[    92.319] (II) systemd-logind: got fd for /dev/input/event4 13:68 fd 34 paused 0
[    92.319] (**) AT Translated Set 2 keyboard: always reports core events
[    92.319] (**) Option "Device" "/dev/input/event4"
[    92.319] (**) Option "_source" "server/udev"
[    92.319] (II) event4  - AT Translated Set 2 keyboard: is tagged by udev as: Keyboard
[    92.319] (II) event4  - AT Translated Set 2 keyboard: device is a keyboard
[    92.319] (II) event4  - AT Translated Set 2 keyboard: device removed
[    92.319] (**) Option "config_info" "udev:/sys/devices/platform/i8042/serio0/input/input4/event4"
[    92.319] (II) XINPUT: Adding extended input device "AT Translated Set 2 keyboard" (type: KEYBOARD, id 16)
[    92.319] (**) Option "xkb_model" "pc105"
[    92.319] (**) Option "xkb_layout" "us"
[    92.320] (II) event4  - AT Translated Set 2 keyboard: is tagged by udev as: Keyboard
[    92.320] (II) event4  - AT Translated Set 2 keyboard: device is a keyboard
[    92.320] (II) config/udev: Adding input device ImPS/2 Logitech Wheel Mouse (/dev/input/event6)
[    92.320] (**) ImPS/2 Logitech Wheel Mouse: Applying InputClass "libinput pointer catchall"
[    92.320] (II) Using input driver 'libinput' for 'ImPS/2 Logitech Wheel Mouse'
[    92.321] (II) systemd-logind: got fd for /dev/input/event6 13:70 fd 35 paused 0
[    92.321] (**) ImPS/2 Logitech Wheel Mouse: always reports core events
[    92.321] (**) Option "Device" "/dev/input/event6"
[    92.321] (**) Option "_source" "server/udev"
[    92.322] (II) event6  - ImPS/2 Logitech Wheel Mouse: is tagged by udev as: Mouse
[    92.322] (II) event6  - ImPS/2 Logitech Wheel Mouse: device set to 400 DPI
[    92.322] (II) event6  - ImPS/2 Logitech Wheel Mouse: device is a pointer
[    92.322] (II) event6  - ImPS/2 Logitech Wheel Mouse: device removed
[    92.322] (**) Option "config_info" "udev:/sys/devices/platform/i8042/serio1/input/input6/event6"
[    92.322] (II) XINPUT: Adding extended input device "ImPS/2 Logitech Wheel Mouse" (type: MOUSE, id 17)
[    92.322] (**) Option "AccelerationScheme" "none"
[    92.322] (**) ImPS/2 Logitech Wheel Mouse: (accel) selected scheme none/0
[    92.322] (**) ImPS/2 Logitech Wheel Mouse: (accel) acceleration factor: 2.000
[    92.322] (**) ImPS/2 Logitech Wheel Mouse: (accel) acceleration threshold: 4
[    92.323] (II) event6  - ImPS/2 Logitech Wheel Mouse: is tagged by udev as: Mouse
[    92.323] (II) event6  - ImPS/2 Logitech Wheel Mouse: device set to 400 DPI
[    92.323] (II) event6  - ImPS/2 Logitech Wheel Mouse: device is a pointer
[    92.323] (II) config/udev: Adding input device ImPS/2 Logitech Wheel Mouse (/dev/input/mouse1)
[    92.323] (II) No input driver specified, ignoring this device.
[    92.323] (II) This device may have been added with another device file.
[    93.942] (II) modeset(0): EDID vendor "BOE", prod id 1680
[    93.942] (II) modeset(0): Printing DDC gathered Modelines:
[    93.942] (II) modeset(0): Modeline "1920x1080"x0.0  152.60  1920 1968 2000 2192  1080 1083 1089 1160 +hsync -vsync (69.6 kHz eP)
[   164.647] (II) config/udev: Adding input device 98:09:CF:C0:84:27 (/dev/input/event19)
[   164.648] (**) 98:09:CF:C0:84:27: Applying InputClass "libinput keyboard catchall"
[   164.648] (II) Using input driver 'libinput' for '98:09:CF:C0:84:27'
[   164.648] (II) systemd-logind: got fd for /dev/input/event19 13:83 fd 65 paused 0
[   164.648] (**) 98:09:CF:C0:84:27: always reports core events
[   164.648] (**) Option "Device" "/dev/input/event19"
[   164.648] (**) Option "_source" "server/udev"
[   164.649] (II) event19 - 98:09:CF:C0:84:27: is tagged by udev as: Keyboard
[   164.649] (II) event19 - 98:09:CF:C0:84:27: device is a keyboard
[   164.649] (II) event19 - 98:09:CF:C0:84:27: device removed
[   164.649] (**) Option "config_info" "udev:/sys/devices/virtual/input/input24/event19"
[   164.649] (II) XINPUT: Adding extended input device "98:09:CF:C0:84:27" (type: KEYBOARD, id 18)
[   164.649] (**) Option "xkb_model" "pc105"
[   164.649] (**) Option "xkb_layout" "us"
[   164.649] (WW) Option "xkb_variant" requires a string value
[   164.649] (WW) Option "xkb_options" requires a string value
[   164.650] (II) event19 - 98:09:CF:C0:84:27: is tagged by udev as: Keyboard
[   164.651] (II) event19 - 98:09:CF:C0:84:27: device is a keyboard
